have_func: checking for ruby_native_thread_p() in ruby.h... -------------------- yes

"gcc -fdeclspec -o conftest -I/Users/rp/.rvm/rubies/ruby-3.0.6/include/ruby-3.0.0/x86_64-darwin19 -I/Users/rp/.rvm/rubies/ruby-3.0.6/include/ruby-3.0.0/ruby/backward -I/Users/rp/.rvm/rubies/ruby-3.0.6/include/ruby-3.0.0 -I. -D_XOPEN_SOURCE -D_DARWIN_C_SOURCE -D_DARWIN_UNLIMITED_SELECT -D_REENTRANT   -O3 -I/usr/local/opt/libyaml/include -I/usr/local/opt/libksba/include -I/usr/local/opt/readline/include -I/usr/local/opt/zlib/include -I/usr/local/opt/openssl@1.1/include -fno-common -pipe -DNO_TAINT conftest.c  -L. -L/Users/rp/.rvm/rubies/ruby-3.0.6/lib -L. -L/usr/local/opt/libyaml/lib -L/usr/local/opt/libksba/lib -L/usr/local/opt/readline/lib -L/usr/local/opt/zlib/lib -L/usr/local/opt/openssl@1.1/lib -fstack-protector-strong -L/usr/local/lib     -lruby.3.0   "
checked program was:
/* begin */
1: #include "ruby.h"
2: 
3: int main(int argc, char **argv)
4: {
5:   return !!argv[argc];
6: }
/* end */

"gcc -fdeclspec -o conftest -I/Users/rp/.rvm/rubies/ruby-3.0.6/include/ruby-3.0.0/x86_64-darwin19 -I/Users/rp/.rvm/rubies/ruby-3.0.6/include/ruby-3.0.0/ruby/backward -I/Users/rp/.rvm/rubies/ruby-3.0.6/include/ruby-3.0.0 -I. -D_XOPEN_SOURCE -D_DARWIN_C_SOURCE -D_DARWIN_UNLIMITED_SELECT -D_REENTRANT   -O3 -I/usr/local/opt/libyaml/include -I/usr/local/opt/libksba/include -I/usr/local/opt/readline/include -I/usr/local/opt/zlib/include -I/usr/local/opt/openssl@1.1/include -fno-common -pipe -DNO_TAINT conftest.c  -L. -L/Users/rp/.rvm/rubies/ruby-3.0.6/lib -L. -L/usr/local/opt/libyaml/lib -L/usr/local/opt/libksba/lib -L/usr/local/opt/readline/lib -L/usr/local/opt/zlib/lib -L/usr/local/opt/openssl@1.1/lib -fstack-protector-strong -L/usr/local/lib     -lruby.3.0   "
checked program was:
/* begin */
 1: #include "ruby.h"
 2: 
 3: #include <ruby.h>
 4: 
 5: /*top*/
 6: extern int t(void);
 7: int main(int argc, char **argv)
 8: {
 9:   if (argc > 1000000) {
10:     int (* volatile tp)(void)=(int (*)(void))&t;
11:     printf("%d", (*tp)());
12:   }
13: 
14:   return !!argv[argc];
15: }
16: int t(void) { void ((*volatile p)()); p = (void ((*)()))ruby_native_thread_p; return !p; }
/* end */

--------------------

have_func: checking for rb_errinfo() in ruby.h... -------------------- yes

"gcc -fdeclspec -o conftest -I/Users/rp/.rvm/rubies/ruby-3.0.6/include/ruby-3.0.0/x86_64-darwin19 -I/Users/rp/.rvm/rubies/ruby-3.0.6/include/ruby-3.0.0/ruby/backward -I/Users/rp/.rvm/rubies/ruby-3.0.6/include/ruby-3.0.0 -I. -D_XOPEN_SOURCE -D_DARWIN_C_SOURCE -D_DARWIN_UNLIMITED_SELECT -D_REENTRANT   -O3 -I/usr/local/opt/libyaml/include -I/usr/local/opt/libksba/include -I/usr/local/opt/readline/include -I/usr/local/opt/zlib/include -I/usr/local/opt/openssl@1.1/include -fno-common -pipe -DNO_TAINT conftest.c  -L. -L/Users/rp/.rvm/rubies/ruby-3.0.6/lib -L. -L/usr/local/opt/libyaml/lib -L/usr/local/opt/libksba/lib -L/usr/local/opt/readline/lib -L/usr/local/opt/zlib/lib -L/usr/local/opt/openssl@1.1/lib -fstack-protector-strong -L/usr/local/lib     -lruby.3.0   "
checked program was:
/* begin */
 1: #include "ruby.h"
 2: 
 3: #include <ruby.h>
 4: 
 5: /*top*/
 6: extern int t(void);
 7: int main(int argc, char **argv)
 8: {
 9:   if (argc > 1000000) {
10:     int (* volatile tp)(void)=(int (*)(void))&t;
11:     printf("%d", (*tp)());
12:   }
13: 
14:   return !!argv[argc];
15: }
16: int t(void) { void ((*volatile p)()); p = (void ((*)()))rb_errinfo; return !p; }
/* end */

--------------------

have_func: checking for rb_hash_lookup() in ruby.h... -------------------- yes

"gcc -fdeclspec -o conftest -I/Users/rp/.rvm/rubies/ruby-3.0.6/include/ruby-3.0.0/x86_64-darwin19 -I/Users/rp/.rvm/rubies/ruby-3.0.6/include/ruby-3.0.0/ruby/backward -I/Users/rp/.rvm/rubies/ruby-3.0.6/include/ruby-3.0.0 -I. -D_XOPEN_SOURCE -D_DARWIN_C_SOURCE -D_DARWIN_UNLIMITED_SELECT -D_REENTRANT   -O3 -I/usr/local/opt/libyaml/include -I/usr/local/opt/libksba/include -I/usr/local/opt/readline/include -I/usr/local/opt/zlib/include -I/usr/local/opt/openssl@1.1/include -fno-common -pipe -DNO_TAINT conftest.c  -L. -L/Users/rp/.rvm/rubies/ruby-3.0.6/lib -L. -L/usr/local/opt/libyaml/lib -L/usr/local/opt/libksba/lib -L/usr/local/opt/readline/lib -L/usr/local/opt/zlib/lib -L/usr/local/opt/openssl@1.1/lib -fstack-protector-strong -L/usr/local/lib     -lruby.3.0   "
checked program was:
/* begin */
 1: #include "ruby.h"
 2: 
 3: #include <ruby.h>
 4: 
 5: /*top*/
 6: extern int t(void);
 7: int main(int argc, char **argv)
 8: {
 9:   if (argc > 1000000) {
10:     int (* volatile tp)(void)=(int (*)(void))&t;
11:     printf("%d", (*tp)());
12:   }
13: 
14:   return !!argv[argc];
15: }
16: int t(void) { void ((*volatile p)()); p = (void ((*)()))rb_hash_lookup; return !p; }
/* end */

--------------------

have_func: checking for rb_proc_new() in ruby.h... -------------------- yes

"gcc -fdeclspec -o conftest -I/Users/rp/.rvm/rubies/ruby-3.0.6/include/ruby-3.0.0/x86_64-darwin19 -I/Users/rp/.rvm/rubies/ruby-3.0.6/include/ruby-3.0.0/ruby/backward -I/Users/rp/.rvm/rubies/ruby-3.0.6/include/ruby-3.0.0 -I. -D_XOPEN_SOURCE -D_DARWIN_C_SOURCE -D_DARWIN_UNLIMITED_SELECT -D_REENTRANT   -O3 -I/usr/local/opt/libyaml/include -I/usr/local/opt/libksba/include -I/usr/local/opt/readline/include -I/usr/local/opt/zlib/include -I/usr/local/opt/openssl@1.1/include -fno-common -pipe -DNO_TAINT conftest.c  -L. -L/Users/rp/.rvm/rubies/ruby-3.0.6/lib -L. -L/usr/local/opt/libyaml/lib -L/usr/local/opt/libksba/lib -L/usr/local/opt/readline/lib -L/usr/local/opt/zlib/lib -L/usr/local/opt/openssl@1.1/lib -fstack-protector-strong -L/usr/local/lib     -lruby.3.0   "
checked program was:
/* begin */
 1: #include "ruby.h"
 2: 
 3: #include <ruby.h>
 4: 
 5: /*top*/
 6: extern int t(void);
 7: int main(int argc, char **argv)
 8: {
 9:   if (argc > 1000000) {
10:     int (* volatile tp)(void)=(int (*)(void))&t;
11:     printf("%d", (*tp)());
12:   }
13: 
14:   return !!argv[argc];
15: }
16: int t(void) { void ((*volatile p)()); p = (void ((*)()))rb_proc_new; return !p; }
/* end */

--------------------

have_func: checking for rb_sourcefile() in ruby.h... -------------------- yes

"gcc -fdeclspec -o conftest -I/Users/rp/.rvm/rubies/ruby-3.0.6/include/ruby-3.0.0/x86_64-darwin19 -I/Users/rp/.rvm/rubies/ruby-3.0.6/include/ruby-3.0.0/ruby/backward -I/Users/rp/.rvm/rubies/ruby-3.0.6/include/ruby-3.0.0 -I. -D_XOPEN_SOURCE -D_DARWIN_C_SOURCE -D_DARWIN_UNLIMITED_SELECT -D_REENTRANT   -O3 -I/usr/local/opt/libyaml/include -I/usr/local/opt/libksba/include -I/usr/local/opt/readline/include -I/usr/local/opt/zlib/include -I/usr/local/opt/openssl@1.1/include -fno-common -pipe -DNO_TAINT conftest.c  -L. -L/Users/rp/.rvm/rubies/ruby-3.0.6/lib -L. -L/usr/local/opt/libyaml/lib -L/usr/local/opt/libksba/lib -L/usr/local/opt/readline/lib -L/usr/local/opt/zlib/lib -L/usr/local/opt/openssl@1.1/lib -fstack-protector-strong -L/usr/local/lib     -lruby.3.0   "
checked program was:
/* begin */
 1: #include "ruby.h"
 2: 
 3: #include <ruby.h>
 4: 
 5: /*top*/
 6: extern int t(void);
 7: int main(int argc, char **argv)
 8: {
 9:   if (argc > 1000000) {
10:     int (* volatile tp)(void)=(int (*)(void))&t;
11:     printf("%d", (*tp)());
12:   }
13: 
14:   return !!argv[argc];
15: }
16: int t(void) { void ((*volatile p)()); p = (void ((*)()))rb_sourcefile; return !p; }
/* end */

--------------------

have_func: checking for rb_thread_alive_p() in ruby.h... -------------------- no

"gcc -fdeclspec -o conftest -I/Users/rp/.rvm/rubies/ruby-3.0.6/include/ruby-3.0.0/x86_64-darwin19 -I/Users/rp/.rvm/rubies/ruby-3.0.6/include/ruby-3.0.0/ruby/backward -I/Users/rp/.rvm/rubies/ruby-3.0.6/include/ruby-3.0.0 -I. -D_XOPEN_SOURCE -D_DARWIN_C_SOURCE -D_DARWIN_UNLIMITED_SELECT -D_REENTRANT   -O3 -I/usr/local/opt/libyaml/include -I/usr/local/opt/libksba/include -I/usr/local/opt/readline/include -I/usr/local/opt/zlib/include -I/usr/local/opt/openssl@1.1/include -fno-common -pipe -DNO_TAINT conftest.c  -L. -L/Users/rp/.rvm/rubies/ruby-3.0.6/lib -L. -L/usr/local/opt/libyaml/lib -L/usr/local/opt/libksba/lib -L/usr/local/opt/readline/lib -L/usr/local/opt/zlib/lib -L/usr/local/opt/openssl@1.1/lib -fstack-protector-strong -L/usr/local/lib     -lruby.3.0   "
conftest.c:16:57: error: use of undeclared identifier 'rb_thread_alive_p'
int t(void) { void ((*volatile p)()); p = (void ((*)()))rb_thread_alive_p; return !p; }
                                                        ^
1 error generated.
checked program was:
/* begin */
 1: #include "ruby.h"
 2: 
 3: #include <ruby.h>
 4: 
 5: /*top*/
 6: extern int t(void);
 7: int main(int argc, char **argv)
 8: {
 9:   if (argc > 1000000) {
10:     int (* volatile tp)(void)=(int (*)(void))&t;
11:     printf("%d", (*tp)());
12:   }
13: 
14:   return !!argv[argc];
15: }
16: int t(void) { void ((*volatile p)()); p = (void ((*)()))rb_thread_alive_p; return !p; }
/* end */

"gcc -fdeclspec -o conftest -I/Users/rp/.rvm/rubies/ruby-3.0.6/include/ruby-3.0.0/x86_64-darwin19 -I/Users/rp/.rvm/rubies/ruby-3.0.6/include/ruby-3.0.0/ruby/backward -I/Users/rp/.rvm/rubies/ruby-3.0.6/include/ruby-3.0.0 -I. -D_XOPEN_SOURCE -D_DARWIN_C_SOURCE -D_DARWIN_UNLIMITED_SELECT -D_REENTRANT   -O3 -I/usr/local/opt/libyaml/include -I/usr/local/opt/libksba/include -I/usr/local/opt/readline/include -I/usr/local/opt/zlib/include -I/usr/local/opt/openssl@1.1/include -fno-common -pipe -DNO_TAINT conftest.c  -L. -L/Users/rp/.rvm/rubies/ruby-3.0.6/lib -L. -L/usr/local/opt/libyaml/lib -L/usr/local/opt/libksba/lib -L/usr/local/opt/readline/lib -L/usr/local/opt/zlib/lib -L/usr/local/opt/openssl@1.1/lib -fstack-protector-strong -L/usr/local/lib     -lruby.3.0   "
Undefined symbols for architecture x86_64:
  "_rb_thread_alive_p", referenced from:
      _t in conftest-e627bc.o
ld: symbol(s) not found for architecture x86_64
clang: error: linker command failed with exit code 1 (use -v to see invocation)
checked program was:
/* begin */
 1: #include "ruby.h"
 2: 
 3: #include <ruby.h>
 4: 
 5: /*top*/
 6: extern int t(void);
 7: int main(int argc, char **argv)
 8: {
 9:   if (argc > 1000000) {
10:     int (* volatile tp)(void)=(int (*)(void))&t;
11:     printf("%d", (*tp)());
12:   }
13: 
14:   return !!argv[argc];
15: }
16: extern void rb_thread_alive_p();
17: int t(void) { rb_thread_alive_p(); return 0; }
/* end */

--------------------

have_func: checking for rb_thread_check_trap_pending() in ruby.h... -------------------- yes

"gcc -fdeclspec -o conftest -I/Users/rp/.rvm/rubies/ruby-3.0.6/include/ruby-3.0.0/x86_64-darwin19 -I/Users/rp/.rvm/rubies/ruby-3.0.6/include/ruby-3.0.0/ruby/backward -I/Users/rp/.rvm/rubies/ruby-3.0.6/include/ruby-3.0.0 -I. -D_XOPEN_SOURCE -D_DARWIN_C_SOURCE -D_DARWIN_UNLIMITED_SELECT -D_REENTRANT   -O3 -I/usr/local/opt/libyaml/include -I/usr/local/opt/libksba/include -I/usr/local/opt/readline/include -I/usr/local/opt/zlib/include -I/usr/local/opt/openssl@1.1/include -fno-common -pipe -DNO_TAINT conftest.c  -L. -L/Users/rp/.rvm/rubies/ruby-3.0.6/lib -L. -L/usr/local/opt/libyaml/lib -L/usr/local/opt/libksba/lib -L/usr/local/opt/readline/lib -L/usr/local/opt/zlib/lib -L/usr/local/opt/openssl@1.1/lib -fstack-protector-strong -L/usr/local/lib     -lruby.3.0   "
conftest.c:16:57: error: use of undeclared identifier 'rb_thread_check_trap_pending'
int t(void) { void ((*volatile p)()); p = (void ((*)()))rb_thread_check_trap_pending; return !p; }
                                                        ^
1 error generated.
checked program was:
/* begin */
 1: #include "ruby.h"
 2: 
 3: #include <ruby.h>
 4: 
 5: /*top*/
 6: extern int t(void);
 7: int main(int argc, char **argv)
 8: {
 9:   if (argc > 1000000) {
10:     int (* volatile tp)(void)=(int (*)(void))&t;
11:     printf("%d", (*tp)());
12:   }
13: 
14:   return !!argv[argc];
15: }
16: int t(void) { void ((*volatile p)()); p = (void ((*)()))rb_thread_check_trap_pending; return !p; }
/* end */

"gcc -fdeclspec -o conftest -I/Users/rp/.rvm/rubies/ruby-3.0.6/include/ruby-3.0.0/x86_64-darwin19 -I/Users/rp/.rvm/rubies/ruby-3.0.6/include/ruby-3.0.0/ruby/backward -I/Users/rp/.rvm/rubies/ruby-3.0.6/include/ruby-3.0.0 -I. -D_XOPEN_SOURCE -D_DARWIN_C_SOURCE -D_DARWIN_UNLIMITED_SELECT -D_REENTRANT   -O3 -I/usr/local/opt/libyaml/include -I/usr/local/opt/libksba/include -I/usr/local/opt/readline/include -I/usr/local/opt/zlib/include -I/usr/local/opt/openssl@1.1/include -fno-common -pipe -DNO_TAINT conftest.c  -L. -L/Users/rp/.rvm/rubies/ruby-3.0.6/lib -L. -L/usr/local/opt/libyaml/lib -L/usr/local/opt/libksba/lib -L/usr/local/opt/readline/lib -L/usr/local/opt/zlib/lib -L/usr/local/opt/openssl@1.1/lib -fstack-protector-strong -L/usr/local/lib     -lruby.3.0   "
checked program was:
/* begin */
 1: #include "ruby.h"
 2: 
 3: #include <ruby.h>
 4: 
 5: /*top*/
 6: extern int t(void);
 7: int main(int argc, char **argv)
 8: {
 9:   if (argc > 1000000) {
10:     int (* volatile tp)(void)=(int (*)(void))&t;
11:     printf("%d", (*tp)());
12:   }
13: 
14:   return !!argv[argc];
15: }
16: extern void rb_thread_check_trap_pending();
17: int t(void) { rb_thread_check_trap_pending(); return 0; }
/* end */

--------------------

have_func: checking for ruby_enc_find_basename() in ruby.h... -------------------- yes

"gcc -fdeclspec -o conftest -I/Users/rp/.rvm/rubies/ruby-3.0.6/include/ruby-3.0.0/x86_64-darwin19 -I/Users/rp/.rvm/rubies/ruby-3.0.6/include/ruby-3.0.0/ruby/backward -I/Users/rp/.rvm/rubies/ruby-3.0.6/include/ruby-3.0.0 -I. -D_XOPEN_SOURCE -D_DARWIN_C_SOURCE -D_DARWIN_UNLIMITED_SELECT -D_REENTRANT   -O3 -I/usr/local/opt/libyaml/include -I/usr/local/opt/libksba/include -I/usr/local/opt/readline/include -I/usr/local/opt/zlib/include -I/usr/local/opt/openssl@1.1/include -fno-common -pipe -DNO_TAINT conftest.c  -L. -L/Users/rp/.rvm/rubies/ruby-3.0.6/lib -L. -L/usr/local/opt/libyaml/lib -L/usr/local/opt/libksba/lib -L/usr/local/opt/readline/lib -L/usr/local/opt/zlib/lib -L/usr/local/opt/openssl@1.1/lib -fstack-protector-strong -L/usr/local/lib     -lruby.3.0   "
conftest.c:16:57: error: use of undeclared identifier 'ruby_enc_find_basename'
int t(void) { void ((*volatile p)()); p = (void ((*)()))ruby_enc_find_basename; return !p; }
                                                        ^
1 error generated.
checked program was:
/* begin */
 1: #include "ruby.h"
 2: 
 3: #include <ruby.h>
 4: 
 5: /*top*/
 6: extern int t(void);
 7: int main(int argc, char **argv)
 8: {
 9:   if (argc > 1000000) {
10:     int (* volatile tp)(void)=(int (*)(void))&t;
11:     printf("%d", (*tp)());
12:   }
13: 
14:   return !!argv[argc];
15: }
16: int t(void) { void ((*volatile p)()); p = (void ((*)()))ruby_enc_find_basename; return !p; }
/* end */

"gcc -fdeclspec -o conftest -I/Users/rp/.rvm/rubies/ruby-3.0.6/include/ruby-3.0.0/x86_64-darwin19 -I/Users/rp/.rvm/rubies/ruby-3.0.6/include/ruby-3.0.0/ruby/backward -I/Users/rp/.rvm/rubies/ruby-3.0.6/include/ruby-3.0.0 -I. -D_XOPEN_SOURCE -D_DARWIN_C_SOURCE -D_DARWIN_UNLIMITED_SELECT -D_REENTRANT   -O3 -I/usr/local/opt/libyaml/include -I/usr/local/opt/libksba/include -I/usr/local/opt/readline/include -I/usr/local/opt/zlib/include -I/usr/local/opt/openssl@1.1/include -fno-common -pipe -DNO_TAINT conftest.c  -L. -L/Users/rp/.rvm/rubies/ruby-3.0.6/lib -L. -L/usr/local/opt/libyaml/lib -L/usr/local/opt/libksba/lib -L/usr/local/opt/readline/lib -L/usr/local/opt/zlib/lib -L/usr/local/opt/openssl@1.1/lib -fstack-protector-strong -L/usr/local/lib     -lruby.3.0   "
checked program was:
/* begin */
 1: #include "ruby.h"
 2: 
 3: #include <ruby.h>
 4: 
 5: /*top*/
 6: extern int t(void);
 7: int main(int argc, char **argv)
 8: {
 9:   if (argc > 1000000) {
10:     int (* volatile tp)(void)=(int (*)(void))&t;
11:     printf("%d", (*tp)());
12:   }
13: 
14:   return !!argv[argc];
15: }
16: extern void ruby_enc_find_basename();
17: int t(void) { ruby_enc_find_basename(); return 0; }
/* end */

--------------------

have_library: checking for t_open() in -lnsl... -------------------- no

"gcc -fdeclspec -o conftest -I/Users/rp/.rvm/rubies/ruby-3.0.6/include/ruby-3.0.0/x86_64-darwin19 -I/Users/rp/.rvm/rubies/ruby-3.0.6/include/ruby-3.0.0/ruby/backward -I/Users/rp/.rvm/rubies/ruby-3.0.6/include/ruby-3.0.0 -I. -D_XOPEN_SOURCE -D_DARWIN_C_SOURCE -D_DARWIN_UNLIMITED_SELECT -D_REENTRANT   -O3 -I/usr/local/opt/libyaml/include -I/usr/local/opt/libksba/include -I/usr/local/opt/readline/include -I/usr/local/opt/zlib/include -I/usr/local/opt/openssl@1.1/include -fno-common -pipe -DNO_TAINT conftest.c  -L. -L/Users/rp/.rvm/rubies/ruby-3.0.6/lib -L. -L/usr/local/opt/libyaml/lib -L/usr/local/opt/libksba/lib -L/usr/local/opt/readline/lib -L/usr/local/opt/zlib/lib -L/usr/local/opt/openssl@1.1/lib -fstack-protector-strong -L/usr/local/lib     -lruby.3.0 -lnsl   "
conftest.c:14:57: error: use of undeclared identifier 't_open'
int t(void) { void ((*volatile p)()); p = (void ((*)()))t_open; return !p; }
                                                        ^
1 error generated.
checked program was:
/* begin */
 1: #include "ruby.h"
 2: 
 3: /*top*/
 4: extern int t(void);
 5: int main(int argc, char **argv)
 6: {
 7:   if (argc > 1000000) {
 8:     int (* volatile tp)(void)=(int (*)(void))&t;
 9:     printf("%d", (*tp)());
10:   }
11: 
12:   return !!argv[argc];
13: }
14: int t(void) { void ((*volatile p)()); p = (void ((*)()))t_open; return !p; }
/* end */

"gcc -fdeclspec -o conftest -I/Users/rp/.rvm/rubies/ruby-3.0.6/include/ruby-3.0.0/x86_64-darwin19 -I/Users/rp/.rvm/rubies/ruby-3.0.6/include/ruby-3.0.0/ruby/backward -I/Users/rp/.rvm/rubies/ruby-3.0.6/include/ruby-3.0.0 -I. -D_XOPEN_SOURCE -D_DARWIN_C_SOURCE -D_DARWIN_UNLIMITED_SELECT -D_REENTRANT   -O3 -I/usr/local/opt/libyaml/include -I/usr/local/opt/libksba/include -I/usr/local/opt/readline/include -I/usr/local/opt/zlib/include -I/usr/local/opt/openssl@1.1/include -fno-common -pipe -DNO_TAINT conftest.c  -L. -L/Users/rp/.rvm/rubies/ruby-3.0.6/lib -L. -L/usr/local/opt/libyaml/lib -L/usr/local/opt/libksba/lib -L/usr/local/opt/readline/lib -L/usr/local/opt/zlib/lib -L/usr/local/opt/openssl@1.1/lib -fstack-protector-strong -L/usr/local/lib     -lruby.3.0 -lnsl   "
ld: library not found for -lnsl
clang: error: linker command failed with exit code 1 (use -v to see invocation)
checked program was:
/* begin */
 1: #include "ruby.h"
 2: 
 3: /*top*/
 4: extern int t(void);
 5: int main(int argc, char **argv)
 6: {
 7:   if (argc > 1000000) {
 8:     int (* volatile tp)(void)=(int (*)(void))&t;
 9:     printf("%d", (*tp)());
10:   }
11: 
12:   return !!argv[argc];
13: }
14: extern void t_open();
15: int t(void) { t_open(); return 0; }
/* end */

--------------------

have_library: checking for socket() in -lsocket... -------------------- no

"gcc -fdeclspec -o conftest -I/Users/rp/.rvm/rubies/ruby-3.0.6/include/ruby-3.0.0/x86_64-darwin19 -I/Users/rp/.rvm/rubies/ruby-3.0.6/include/ruby-3.0.0/ruby/backward -I/Users/rp/.rvm/rubies/ruby-3.0.6/include/ruby-3.0.0 -I. -D_XOPEN_SOURCE -D_DARWIN_C_SOURCE -D_DARWIN_UNLIMITED_SELECT -D_REENTRANT   -O3 -I/usr/local/opt/libyaml/include -I/usr/local/opt/libksba/include -I/usr/local/opt/readline/include -I/usr/local/opt/zlib/include -I/usr/local/opt/openssl@1.1/include -fno-common -pipe -DNO_TAINT conftest.c  -L. -L/Users/rp/.rvm/rubies/ruby-3.0.6/lib -L. -L/usr/local/opt/libyaml/lib -L/usr/local/opt/libksba/lib -L/usr/local/opt/readline/lib -L/usr/local/opt/zlib/lib -L/usr/local/opt/openssl@1.1/lib -fstack-protector-strong -L/usr/local/lib     -lruby.3.0 -lsocket   "
conftest.c:14:57: error: use of undeclared identifier 'socket'
int t(void) { void ((*volatile p)()); p = (void ((*)()))socket; return !p; }
                                                        ^
1 error generated.
checked program was:
/* begin */
 1: #include "ruby.h"
 2: 
 3: /*top*/
 4: extern int t(void);
 5: int main(int argc, char **argv)
 6: {
 7:   if (argc > 1000000) {
 8:     int (* volatile tp)(void)=(int (*)(void))&t;
 9:     printf("%d", (*tp)());
10:   }
11: 
12:   return !!argv[argc];
13: }
14: int t(void) { void ((*volatile p)()); p = (void ((*)()))socket; return !p; }
/* end */

"gcc -fdeclspec -o conftest -I/Users/rp/.rvm/rubies/ruby-3.0.6/include/ruby-3.0.0/x86_64-darwin19 -I/Users/rp/.rvm/rubies/ruby-3.0.6/include/ruby-3.0.0/ruby/backward -I/Users/rp/.rvm/rubies/ruby-3.0.6/include/ruby-3.0.0 -I. -D_XOPEN_SOURCE -D_DARWIN_C_SOURCE -D_DARWIN_UNLIMITED_SELECT -D_REENTRANT   -O3 -I/usr/local/opt/libyaml/include -I/usr/local/opt/libksba/include -I/usr/local/opt/readline/include -I/usr/local/opt/zlib/include -I/usr/local/opt/openssl@1.1/include -fno-common -pipe -DNO_TAINT conftest.c  -L. -L/Users/rp/.rvm/rubies/ruby-3.0.6/lib -L. -L/usr/local/opt/libyaml/lib -L/usr/local/opt/libksba/lib -L/usr/local/opt/readline/lib -L/usr/local/opt/zlib/lib -L/usr/local/opt/openssl@1.1/lib -fstack-protector-strong -L/usr/local/lib     -lruby.3.0 -lsocket   "
ld: library not found for -lsocket
clang: error: linker command failed with exit code 1 (use -v to see invocation)
checked program was:
/* begin */
 1: #include "ruby.h"
 2: 
 3: /*top*/
 4: extern int t(void);
 5: int main(int argc, char **argv)
 6: {
 7:   if (argc > 1000000) {
 8:     int (* volatile tp)(void)=(int (*)(void))&t;
 9:     printf("%d", (*tp)());
10:   }
11: 
12:   return !!argv[argc];
13: }
14: extern void socket();
15: int t(void) { socket(); return 0; }
/* end */

--------------------

have_library: checking for dlopen() in -ldl... -------------------- yes

"gcc -fdeclspec -o conftest -I/Users/rp/.rvm/rubies/ruby-3.0.6/include/ruby-3.0.0/x86_64-darwin19 -I/Users/rp/.rvm/rubies/ruby-3.0.6/include/ruby-3.0.0/ruby/backward -I/Users/rp/.rvm/rubies/ruby-3.0.6/include/ruby-3.0.0 -I. -D_XOPEN_SOURCE -D_DARWIN_C_SOURCE -D_DARWIN_UNLIMITED_SELECT -D_REENTRANT   -O3 -I/usr/local/opt/libyaml/include -I/usr/local/opt/libksba/include -I/usr/local/opt/readline/include -I/usr/local/opt/zlib/include -I/usr/local/opt/openssl@1.1/include -fno-common -pipe -DNO_TAINT conftest.c  -L. -L/Users/rp/.rvm/rubies/ruby-3.0.6/lib -L. -L/usr/local/opt/libyaml/lib -L/usr/local/opt/libksba/lib -L/usr/local/opt/readline/lib -L/usr/local/opt/zlib/lib -L/usr/local/opt/openssl@1.1/lib -fstack-protector-strong -L/usr/local/lib     -lruby.3.0 -ldl   "
conftest.c:14:57: error: use of undeclared identifier 'dlopen'
int t(void) { void ((*volatile p)()); p = (void ((*)()))dlopen; return !p; }
                                                        ^
1 error generated.
checked program was:
/* begin */
 1: #include "ruby.h"
 2: 
 3: /*top*/
 4: extern int t(void);
 5: int main(int argc, char **argv)
 6: {
 7:   if (argc > 1000000) {
 8:     int (* volatile tp)(void)=(int (*)(void))&t;
 9:     printf("%d", (*tp)());
10:   }
11: 
12:   return !!argv[argc];
13: }
14: int t(void) { void ((*volatile p)()); p = (void ((*)()))dlopen; return !p; }
/* end */

"gcc -fdeclspec -o conftest -I/Users/rp/.rvm/rubies/ruby-3.0.6/include/ruby-3.0.0/x86_64-darwin19 -I/Users/rp/.rvm/rubies/ruby-3.0.6/include/ruby-3.0.0/ruby/backward -I/Users/rp/.rvm/rubies/ruby-3.0.6/include/ruby-3.0.0 -I. -D_XOPEN_SOURCE -D_DARWIN_C_SOURCE -D_DARWIN_UNLIMITED_SELECT -D_REENTRANT   -O3 -I/usr/local/opt/libyaml/include -I/usr/local/opt/libksba/include -I/usr/local/opt/readline/include -I/usr/local/opt/zlib/include -I/usr/local/opt/openssl@1.1/include -fno-common -pipe -DNO_TAINT conftest.c  -L. -L/Users/rp/.rvm/rubies/ruby-3.0.6/lib -L. -L/usr/local/opt/libyaml/lib -L/usr/local/opt/libksba/lib -L/usr/local/opt/readline/lib -L/usr/local/opt/zlib/lib -L/usr/local/opt/openssl@1.1/lib -fstack-protector-strong -L/usr/local/lib     -lruby.3.0 -ldl   "
checked program was:
/* begin */
 1: #include "ruby.h"
 2: 
 3: /*top*/
 4: extern int t(void);
 5: int main(int argc, char **argv)
 6: {
 7:   if (argc > 1000000) {
 8:     int (* volatile tp)(void)=(int (*)(void))&t;
 9:     printf("%d", (*tp)());
10:   }
11: 
12:   return !!argv[argc];
13: }
14: extern void dlopen();
15: int t(void) { dlopen(); return 0; }
/* end */

--------------------

have_library: checking for log() in -lm... -------------------- yes

"gcc -fdeclspec -o conftest -I/Users/rp/.rvm/rubies/ruby-3.0.6/include/ruby-3.0.0/x86_64-darwin19 -I/Users/rp/.rvm/rubies/ruby-3.0.6/include/ruby-3.0.0/ruby/backward -I/Users/rp/.rvm/rubies/ruby-3.0.6/include/ruby-3.0.0 -I. -D_XOPEN_SOURCE -D_DARWIN_C_SOURCE -D_DARWIN_UNLIMITED_SELECT -D_REENTRANT   -O3 -I/usr/local/opt/libyaml/include -I/usr/local/opt/libksba/include -I/usr/local/opt/readline/include -I/usr/local/opt/zlib/include -I/usr/local/opt/openssl@1.1/include -fno-common -pipe -DNO_TAINT conftest.c  -L. -L/Users/rp/.rvm/rubies/ruby-3.0.6/lib -L. -L/usr/local/opt/libyaml/lib -L/usr/local/opt/libksba/lib -L/usr/local/opt/readline/lib -L/usr/local/opt/zlib/lib -L/usr/local/opt/openssl@1.1/lib -fstack-protector-strong -L/usr/local/lib    -ldl  -lruby.3.0 -lm -ldl   "
checked program was:
/* begin */
 1: #include "ruby.h"
 2: 
 3: #include <math.h>
 4: 
 5: /*top*/
 6: extern int t(void);
 7: int main(int argc, char **argv)
 8: {
 9:   if (argc > 1000000) {
10:     int (* volatile tp)(void)=(int (*)(void))&t;
11:     printf("%d", (*tp)());
12:   }
13: 
14:   return !!argv[argc];
15: }
16: int t(void) { void ((*volatile p)()); p = (void ((*)()))log; return !p; }
/* end */

--------------------

"gcc -fdeclspec -I/Users/rp/.rvm/rubies/ruby-3.0.6/include/ruby-3.0.0/x86_64-darwin19 -I/Users/rp/.rvm/rubies/ruby-3.0.6/include/ruby-3.0.0/ruby/backward -I/Users/rp/.rvm/rubies/ruby-3.0.6/include/ruby-3.0.0 -I. -D_XOPEN_SOURCE -D_DARWIN_C_SOURCE -D_DARWIN_UNLIMITED_SELECT -D_REENTRANT   -O3 -I/usr/local/opt/libyaml/include -I/usr/local/opt/libksba/include -I/usr/local/opt/readline/include -I/usr/local/opt/zlib/include -I/usr/local/opt/openssl@1.1/include -fno-common -pipe -DNO_TAINT   -c conftest.c"
checked program was:
/* begin */
1: #include "ruby.h"
2: 
3: #include "ruby.h"
4: /*top*/
5: #ifndef HAVE_NATIVETHREAD
6: # error
7: |:/ === HAVE_NATIVETHREAD undefined === /:|
8: #endif
/* end */

"gcc -fdeclspec -o conftest -I/Users/rp/.rvm/rubies/ruby-3.0.6/include/ruby-3.0.0/x86_64-darwin19 -I/Users/rp/.rvm/rubies/ruby-3.0.6/include/ruby-3.0.0/ruby/backward -I/Users/rp/.rvm/rubies/ruby-3.0.6/include/ruby-3.0.0 -I. -I/usr/local/include -I/usr/local/include -D_XOPEN_SOURCE -D_DARWIN_C_SOURCE -D_DARWIN_UNLIMITED_SELECT -D_REENTRANT   -O3 -I/usr/local/opt/libyaml/include -I/usr/local/opt/libksba/include -I/usr/local/opt/readline/include -I/usr/local/opt/zlib/include -I/usr/local/opt/openssl@1.1/include -fno-common -pipe -DNO_TAINT conftest.c  -L. -L/Users/rp/.rvm/rubies/ruby-3.0.6/lib -L/usr/local/lib -L. -L/usr/local/opt/libyaml/lib -L/usr/local/opt/libksba/lib -L/usr/local/opt/readline/lib -L/usr/local/opt/zlib/lib -L/usr/local/opt/openssl@1.1/lib -fstack-protector-strong -L/usr/local/lib    -lm -ldl  -lruby.3.0  -L/usr/local/lib -ltcl8.6 -lm -ldl   "
checked program was:
/* begin */
 1: #include "ruby.h"
 2: 
 3: #include <tcl.h>
 4: 
 5: /*top*/
 6: extern int t(void);
 7: int main(int argc, char **argv)
 8: {
 9:   if (argc > 1000000) {
10:     int (* volatile tp)(void)=(int (*)(void))&t;
11:     printf("%d", (*tp)());
12:   }
13: 
14:   return !!argv[argc];
15: }
16: int t(void) { void ((*volatile p)()); p = (void ((*)()))Tcl_FindExecutable; return !p; }
/* end */

"gcc -fdeclspec -o conftest -I/Users/rp/.rvm/rubies/ruby-3.0.6/include/ruby-3.0.0/x86_64-darwin19 -I/Users/rp/.rvm/rubies/ruby-3.0.6/include/ruby-3.0.0/ruby/backward -I/Users/rp/.rvm/rubies/ruby-3.0.6/include/ruby-3.0.0 -I. -I/usr/local/include -I/usr/local/include -D_XOPEN_SOURCE -D_DARWIN_C_SOURCE -D_DARWIN_UNLIMITED_SELECT -D_REENTRANT   -O3 -I/usr/local/opt/libyaml/include -I/usr/local/opt/libksba/include -I/usr/local/opt/readline/include -I/usr/local/opt/zlib/include -I/usr/local/opt/openssl@1.1/include -fno-common -pipe -DNO_TAINT conftest.c  -L. -L/Users/rp/.rvm/rubies/ruby-3.0.6/lib -L/usr/local/lib -L. -L/usr/local/opt/libyaml/lib -L/usr/local/opt/libksba/lib -L/usr/local/opt/readline/lib -L/usr/local/opt/zlib/lib -L/usr/local/opt/openssl@1.1/lib -fstack-protector-strong -L/usr/local/lib    -lm -ldl  -lruby.3.0  -L/usr/local/lib -ltk8.6   -L/usr/local/lib -ltcl8.6 -lm -ldl   "
checked program was:
/* begin */
 1: #include "ruby.h"
 2: 
 3: #include <tcl.h>
 4: #include <tk.h>
 5: 
 6: /*top*/
 7: extern int t(void);
 8: int main(int argc, char **argv)
 9: {
10:   if (argc > 1000000) {
11:     int (* volatile tp)(void)=(int (*)(void))&t;
12:     printf("%d", (*tp)());
13:   }
14: 
15:   return !!argv[argc];
16: }
17: int t(void) { void ((*volatile p)()); p = (void ((*)()))Tk_Init; return !p; }
/* end */

"gcc -fdeclspec -o conftest -I/Users/rp/.rvm/rubies/ruby-3.0.6/include/ruby-3.0.0/x86_64-darwin19 -I/Users/rp/.rvm/rubies/ruby-3.0.6/include/ruby-3.0.0/ruby/backward -I/Users/rp/.rvm/rubies/ruby-3.0.6/include/ruby-3.0.0 -I. -I/usr/local/include -I/usr/local/include -D_XOPEN_SOURCE -D_DARWIN_C_SOURCE -D_DARWIN_UNLIMITED_SELECT -D_REENTRANT   -O3 -I/usr/local/opt/libyaml/include -I/usr/local/opt/libksba/include -I/usr/local/opt/readline/include -I/usr/local/opt/zlib/include -I/usr/local/opt/openssl@1.1/include -fno-common -pipe -DNO_TAINT conftest.c  -L. -L/Users/rp/.rvm/rubies/ruby-3.0.6/lib -L/usr/local/lib -L. -L/usr/local/opt/libyaml/lib -L/usr/local/opt/libksba/lib -L/usr/local/opt/readline/lib -L/usr/local/opt/zlib/lib -L/usr/local/opt/openssl@1.1/lib -fstack-protector-strong -L/usr/local/lib    -lm -ldl  -lruby.3.0  -L/usr/local/lib -ltcl8.6 -lm -ldl   "
checked program was:
/* begin */
 1: #include "ruby.h"
 2: 
 3: #include <tcl.h>
 4: 
 5: /*top*/
 6: extern int t(void);
 7: int main(int argc, char **argv)
 8: {
 9:   if (argc > 1000000) {
10:     int (* volatile tp)(void)=(int (*)(void))&t;
11:     printf("%d", (*tp)());
12:   }
13: 
14:   return !!argv[argc];
15: }
16: int t(void) { void ((*volatile p)()); p = (void ((*)()))Tcl_FindExecutable; return !p; }
/* end */

"gcc -fdeclspec -o conftest -I/Users/rp/.rvm/rubies/ruby-3.0.6/include/ruby-3.0.0/x86_64-darwin19 -I/Users/rp/.rvm/rubies/ruby-3.0.6/include/ruby-3.0.0/ruby/backward -I/Users/rp/.rvm/rubies/ruby-3.0.6/include/ruby-3.0.0 -I. -I/usr/local/include -I/usr/local/include -D_XOPEN_SOURCE -D_DARWIN_C_SOURCE -D_DARWIN_UNLIMITED_SELECT -D_REENTRANT   -O3 -I/usr/local/opt/libyaml/include -I/usr/local/opt/libksba/include -I/usr/local/opt/readline/include -I/usr/local/opt/zlib/include -I/usr/local/opt/openssl@1.1/include -fno-common -pipe -DNO_TAINT conftest.c  -L. -L/Users/rp/.rvm/rubies/ruby-3.0.6/lib -L/usr/local/lib -L. -L/usr/local/opt/libyaml/lib -L/usr/local/opt/libksba/lib -L/usr/local/opt/readline/lib -L/usr/local/opt/zlib/lib -L/usr/local/opt/openssl@1.1/lib -fstack-protector-strong -L/usr/local/lib    -lm -ldl  -lruby.3.0  -L/usr/local/lib -ltk8.6   -L/usr/local/lib -ltcl8.6 -lm -ldl   "
checked program was:
/* begin */
 1: #include "ruby.h"
 2: 
 3: #include <tcl.h>
 4: #include <tk.h>
 5: 
 6: /*top*/
 7: extern int t(void);
 8: int main(int argc, char **argv)
 9: {
10:   if (argc > 1000000) {
11:     int (* volatile tp)(void)=(int (*)(void))&t;
12:     printf("%d", (*tp)());
13:   }
14: 
15:   return !!argv[argc];
16: }
17: int t(void) { void ((*volatile p)()); p = (void ((*)()))Tk_Init; return !p; }
/* end */

find_library: checking for XOpenDisplay() in -lX11... -------------------- yes

"gcc -fdeclspec -o conftest -I/Users/rp/.rvm/rubies/ruby-3.0.6/include/ruby-3.0.0/x86_64-darwin19 -I/Users/rp/.rvm/rubies/ruby-3.0.6/include/ruby-3.0.0/ruby/backward -I/Users/rp/.rvm/rubies/ruby-3.0.6/include/ruby-3.0.0 -I. -I/usr/local/include -D_XOPEN_SOURCE -D_DARWIN_C_SOURCE -D_DARWIN_UNLIMITED_SELECT -D_REENTRANT   -O3 -I/usr/local/opt/libyaml/include -I/usr/local/opt/libksba/include -I/usr/local/opt/readline/include -I/usr/local/opt/zlib/include -I/usr/local/opt/openssl@1.1/include -fno-common -pipe -DNO_TAINT conftest.c  -L. -L/Users/rp/.rvm/rubies/ruby-3.0.6/lib -L/usr/local/lib -L. -L/usr/local/opt/libyaml/lib -L/usr/local/opt/libksba/lib -L/usr/local/opt/readline/lib -L/usr/local/opt/zlib/lib -L/usr/local/opt/openssl@1.1/lib -fstack-protector-strong -L/usr/local/lib    -lm -ldl  -lruby.3.0 -lX11 -lm -ldl   "
conftest.c:14:57: error: use of undeclared identifier 'XOpenDisplay'
int t(void) { void ((*volatile p)()); p = (void ((*)()))XOpenDisplay; return !p; }
                                                        ^
1 error generated.
checked program was:
/* begin */
 1: #include "ruby.h"
 2: 
 3: /*top*/
 4: extern int t(void);
 5: int main(int argc, char **argv)
 6: {
 7:   if (argc > 1000000) {
 8:     int (* volatile tp)(void)=(int (*)(void))&t;
 9:     printf("%d", (*tp)());
10:   }
11: 
12:   return !!argv[argc];
13: }
14: int t(void) { void ((*volatile p)()); p = (void ((*)()))XOpenDisplay; return !p; }
/* end */

"gcc -fdeclspec -o conftest -I/Users/rp/.rvm/rubies/ruby-3.0.6/include/ruby-3.0.0/x86_64-darwin19 -I/Users/rp/.rvm/rubies/ruby-3.0.6/include/ruby-3.0.0/ruby/backward -I/Users/rp/.rvm/rubies/ruby-3.0.6/include/ruby-3.0.0 -I. -I/usr/local/include -D_XOPEN_SOURCE -D_DARWIN_C_SOURCE -D_DARWIN_UNLIMITED_SELECT -D_REENTRANT   -O3 -I/usr/local/opt/libyaml/include -I/usr/local/opt/libksba/include -I/usr/local/opt/readline/include -I/usr/local/opt/zlib/include -I/usr/local/opt/openssl@1.1/include -fno-common -pipe -DNO_TAINT conftest.c  -L. -L/Users/rp/.rvm/rubies/ruby-3.0.6/lib -L/usr/local/lib -L. -L/usr/local/opt/libyaml/lib -L/usr/local/opt/libksba/lib -L/usr/local/opt/readline/lib -L/usr/local/opt/zlib/lib -L/usr/local/opt/openssl@1.1/lib -fstack-protector-strong -L/usr/local/lib    -lm -ldl  -lruby.3.0 -lX11 -lm -ldl   "
checked program was:
/* begin */
 1: #include "ruby.h"
 2: 
 3: /*top*/
 4: extern int t(void);
 5: int main(int argc, char **argv)
 6: {
 7:   if (argc > 1000000) {
 8:     int (* volatile tp)(void)=(int (*)(void))&t;
 9:     printf("%d", (*tp)());
10:   }
11: 
12:   return !!argv[argc];
13: }
14: extern void XOpenDisplay();
15: int t(void) { XOpenDisplay(); return 0; }
/* end */

--------------------

